<?xml version="1.0" encoding="UTF-8"?>
<!-- Generated by org.testng.reporters.JUnitReportReporter -->
<testsuite hostname="DESKTOP-6ITAQL4" failures="0" tests="1" name="TestRunner.LoginR" time="30.479" errors="0" timestamp="2024-07-02T12:58:13 IST" skipped="0">
  <testcase classname="TestRunner.LoginR" name="runScenario" time="30.479"/>
</testsuite> <!-- TestRunner.LoginR -->
