<?xml version="1.0" encoding="UTF-8"?>
<!-- Generated by org.testng.reporters.JUnitReportReporter -->
<testsuite hostname="DESKTOP-6ITAQL4" failures="0" tests="1" name="TestRunner.LoginR" time="22.812" errors="0" timestamp="2024-07-02T17:37:25 IST" skipped="0">
  <testcase classname="TestRunner.LoginR" name="runScenario" time="22.812"/>
</testsuite> <!-- TestRunner.LoginR -->
